#! /usr/bin/vvp
:ivl_version "10.1 (stable)";
:ivl_delay_selection "TYPICAL";
:vpi_time_precision - 12;
:vpi_module "system";
:vpi_module "vhdl_sys";
:vpi_module "v2005_math";
:vpi_module "va_math";
:vpi_module "v2009";
S_0x5609c225ed50 .scope module, "iob_knn" "iob_knn" 2 6;
 .timescale -9 -12;
    .port_info 0 /INPUT 1 "valid"
    .port_info 1 /INPUT 3 "address"
    .port_info 2 /INPUT 1 "wdata"
    .port_info 3 /INPUT 4 "wstrb"
    .port_info 4 /OUTPUT 32 "rdata"
    .port_info 5 /OUTPUT 1 "ready"
    .port_info 6 /INPUT 1 "clk"
    .port_info 7 /INPUT 1 "rst"
P_0x5609c225b3b0 .param/l "ADDR_W" 0 2 8, +C4<00000000000000000000000000000011>;
P_0x5609c225b3f0 .param/l "DATA_W" 0 2 9, +C4<00000000000000000000000000100000>;
P_0x5609c225b430 .param/l "WDATA_W" 0 2 10, +C4<00000000000000000000000000000001>;
L_0x5609c223dc20 .functor BUFZ 32, v0x5609c2280660_0, C4<00000000000000000000000000000000>, C4<00000000000000000000000000000000>, C4<00000000000000000000000000000000>;
L_0x5609c22351c0 .functor BUFZ 1, v0x5609c2280820_0, C4<0>, C4<0>, C4<0>;
v0x5609c2280050_0 .var "KNN_DATA_IN", 31 0;
v0x5609c2280130_0 .var "KNN_ENABLE", 0 0;
v0x5609c22801f0_0 .var "KNN_RESET", 0 0;
v0x5609c2280290_0 .var "KNN_SAMPLE", 0 0;
v0x5609c2280350_0 .net "KNN_VALUE", 31 0, L_0x5609c21f39f0;  1 drivers
o0x7f8ee9657678 .functor BUFZ 3, C4<zzz>; HiZ drive
v0x5609c22803f0_0 .net "address", 2 0, o0x7f8ee9657678;  0 drivers
o0x7f8ee96574c8 .functor BUFZ 1, C4<z>; HiZ drive
v0x5609c22804b0_0 .net "clk", 0 0, o0x7f8ee96574c8;  0 drivers
v0x5609c22805a0_0 .net "rdata", 31 0, L_0x5609c223dc20;  1 drivers
v0x5609c2280660_0 .var "rdata_int", 31 0;
v0x5609c2280740_0 .net "ready", 0 0, L_0x5609c22351c0;  1 drivers
v0x5609c2280820_0 .var "ready_int", 0 0;
o0x7f8ee9657768 .functor BUFZ 1, C4<z>; HiZ drive
v0x5609c2280900_0 .net "rst", 0 0, o0x7f8ee9657768;  0 drivers
v0x5609c22809e0_0 .var "rst_int", 0 0;
o0x7f8ee9657798 .functor BUFZ 1, C4<z>; HiZ drive
v0x5609c2280ad0_0 .net "valid", 0 0, o0x7f8ee9657798;  0 drivers
o0x7f8ee96577c8 .functor BUFZ 1, C4<z>; HiZ drive
v0x5609c2280b90_0 .net "wdata", 0 0, o0x7f8ee96577c8;  0 drivers
v0x5609c2280c70_0 .var "write", 0 0;
o0x7f8ee9657828 .functor BUFZ 4, C4<zzzz>; HiZ drive
v0x5609c2280d50_0 .net "wstrb", 3 0, o0x7f8ee9657828;  0 drivers
E_0x5609c22328c0 .event posedge, v0x5609c2280900_0, v0x5609c227fdd0_0;
E_0x5609c2233040 .event edge, v0x5609c2280d50_0;
E_0x5609c2232c80 .event edge, v0x5609c2280900_0, v0x5609c22801f0_0;
E_0x5609c2233400 .event edge, v0x5609c22803f0_0;
S_0x5609c225fc10 .scope module, "knn0" "knn_core" 2 38, 3 4 0, S_0x5609c225ed50;
 .timescale -9 -12;
    .port_info 0 /INPUT 1 "KNN_ENABLE"
    .port_info 1 /INPUT 1 "KNN_SAMPLE"
    .port_info 2 /OUTPUT 32 "KNN_VALUE"
    .port_info 3 /INPUT 32 "KNN_DATA_IN"
    .port_info 4 /INPUT 1 "clk"
    .port_info 5 /INPUT 1 "rst"
P_0x5609c225b2b0 .param/l "DATA_W" 0 3 6, +C4<00000000000000000000000000010000>;
L_0x5609c21f39f0 .functor BUFZ 32, v0x5609c2251010_0, C4<00000000000000000000000000000000>, C4<00000000000000000000000000000000>, C4<00000000000000000000000000000000>;
v0x5609c227f110_0 .var "Ax", 31 0;
v0x5609c227f210_0 .var "AxEN", 0 0;
v0x5609c227f2f0_0 .var "Ay", 31 0;
v0x5609c227f3b0_0 .var "AyEN", 0 0;
v0x5609c227f490_0 .var "Bx", 31 0;
v0x5609c227f570_0 .var "BxEN", 0 0;
v0x5609c227f650_0 .var "By", 31 0;
v0x5609c227f730_0 .var "ByEN", 0 0;
v0x5609c227f810_0 .var "Curr_state", 2 0;
v0x5609c227f8f0_0 .net "DIST_OUT", 31 0, v0x5609c2251010_0;  1 drivers
v0x5609c227f9b0_0 .net "KNN_DATA_IN", 31 0, v0x5609c2280050_0;  1 drivers
v0x5609c227fa50_0 .net "KNN_ENABLE", 0 0, v0x5609c2280130_0;  1 drivers
v0x5609c227fb30_0 .net "KNN_SAMPLE", 0 0, v0x5609c2280290_0;  1 drivers
v0x5609c227fc10_0 .net "KNN_VALUE", 31 0, L_0x5609c21f39f0;  alias, 1 drivers
v0x5609c227fcf0_0 .var "Next_state", 2 0;
v0x5609c227fdd0_0 .net "clk", 0 0, o0x7f8ee96574c8;  alias, 0 drivers
v0x5609c227feb0_0 .net "rst", 0 0, v0x5609c22809e0_0;  1 drivers
E_0x5609c225e860/0 .event edge, v0x5609c227f810_0;
E_0x5609c225e860/1 .event posedge, v0x5609c227fdd0_0;
E_0x5609c225e860 .event/or E_0x5609c225e860/0, E_0x5609c225e860/1;
E_0x5609c2233800 .event posedge, v0x5609c227fdd0_0;
S_0x5609c225fd90 .scope module, "dist1" "dist_core" 3 54, 4 4 0, S_0x5609c225fc10;
 .timescale -9 -12;
    .port_info 0 /OUTPUT 32 "DIST_OUT"
    .port_info 1 /INPUT 32 "Ax"
    .port_info 2 /INPUT 32 "Bx"
    .port_info 3 /INPUT 32 "Ay"
    .port_info 4 /INPUT 32 "By"
P_0x5609c225bb60 .param/l "DATA_W" 0 4 6, +C4<00000000000000000000000000010000>;
v0x5609c2254680_0 .net "Ax", 31 0, v0x5609c2280050_0;  alias, 1 drivers
v0x5609c2254720_0 .net "Ay", 31 0, v0x5609c2280050_0;  alias, 1 drivers
v0x5609c2250600_0 .net "Bx", 31 0, v0x5609c2280050_0;  alias, 1 drivers
v0x5609c2250950_0 .net "By", 31 0, v0x5609c2280050_0;  alias, 1 drivers
v0x5609c2250ca0_0 .net "DIST_OUT", 31 0, v0x5609c2251010_0;  alias, 1 drivers
v0x5609c2251010_0 .var "DIST_VALUE", 31 0;
v0x5609c227ecf0_0 .var "X_DIFF", 31 0;
v0x5609c227edd0_0 .var "X_SQR", 31 0;
v0x5609c227eeb0_0 .var "Y_DIFF", 31 0;
v0x5609c227ef90_0 .var "Y_SQR", 31 0;
E_0x5609c223f2e0/0 .event edge, v0x5609c2254680_0, v0x5609c2254680_0, v0x5609c227ecf0_0, v0x5609c2254680_0;
E_0x5609c223f2e0/1 .event edge, v0x5609c2254680_0, v0x5609c227eeb0_0, v0x5609c227edd0_0, v0x5609c227ef90_0;
E_0x5609c223f2e0 .event/or E_0x5609c223f2e0/0, E_0x5609c223f2e0/1;
S_0x5609c225fa90 .scope module, "knn_tb" "knn_tb" 5 5;
 .timescale -9 -12;
P_0x5609c225c060 .param/l "PER" 1 5 7, +C4<00000000000000000000000000001010>;
v0x5609c2282f70_0 .var "KNN_DATA_IN", 31 0;
v0x5609c2283050_0 .var "KNN_ENABLE", 0 0;
v0x5609c2283110_0 .var "KNN_SAMPLE", 0 0;
v0x5609c2283210_0 .net "KNN_VALUE", 31 0, L_0x5609c22352f0;  1 drivers
v0x5609c22832e0_0 .var "clk", 0 0;
v0x5609c2283380_0 .var "rst", 0 0;
E_0x5609c225e820 .event negedge, v0x5609c2282d90_0;
E_0x5609c224ed80 .event posedge, v0x5609c2282d90_0;
S_0x5609c2280f90 .scope module, "knn0" "knn_core" 5 47, 3 4 0, S_0x5609c225fa90;
 .timescale -9 -12;
    .port_info 0 /INPUT 1 "KNN_ENABLE"
    .port_info 1 /INPUT 1 "KNN_SAMPLE"
    .port_info 2 /OUTPUT 32 "KNN_VALUE"
    .port_info 3 /INPUT 32 "KNN_DATA_IN"
    .port_info 4 /INPUT 1 "clk"
    .port_info 5 /INPUT 1 "rst"
P_0x5609c227ec20 .param/l "DATA_W" 0 3 6, +C4<00000000000000000000000000010000>;
L_0x5609c22352f0 .functor BUFZ 32, v0x5609c2281af0_0, C4<00000000000000000000000000000000>, C4<00000000000000000000000000000000>, C4<00000000000000000000000000000000>;
v0x5609c2281ff0_0 .var "Ax", 31 0;
v0x5609c22820f0_0 .var "AxEN", 0 0;
v0x5609c22821d0_0 .var "Ay", 31 0;
v0x5609c2282290_0 .var "AyEN", 0 0;
v0x5609c2282370_0 .var "Bx", 31 0;
v0x5609c2282450_0 .var "BxEN", 0 0;
v0x5609c2282530_0 .var "By", 31 0;
v0x5609c2282610_0 .var "ByEN", 0 0;
v0x5609c22826f0_0 .var "Curr_state", 2 0;
v0x5609c22827d0_0 .net "DIST_OUT", 31 0, v0x5609c2281af0_0;  1 drivers
v0x5609c2282890_0 .net "KNN_DATA_IN", 31 0, v0x5609c2282f70_0;  1 drivers
v0x5609c2282930_0 .net "KNN_ENABLE", 0 0, v0x5609c2283050_0;  1 drivers
v0x5609c2282a10_0 .net "KNN_SAMPLE", 0 0, v0x5609c2283110_0;  1 drivers
v0x5609c2282af0_0 .net "KNN_VALUE", 31 0, L_0x5609c22352f0;  alias, 1 drivers
v0x5609c2282bd0_0 .var "Next_state", 2 0;
v0x5609c2282cb0_0 .net "clk", 0 0, v0x5609c22832e0_0;  1 drivers
v0x5609c2282d90_0 .net "rst", 0 0, v0x5609c2283380_0;  1 drivers
E_0x5609c2255a70/0 .event edge, v0x5609c22826f0_0;
E_0x5609c2255a70/1 .event posedge, v0x5609c2282cb0_0;
E_0x5609c2255a70 .event/or E_0x5609c2255a70/0, E_0x5609c2255a70/1;
E_0x5609c22555a0 .event posedge, v0x5609c2282cb0_0;
S_0x5609c22812b0 .scope module, "dist1" "dist_core" 3 54, 4 4 0, S_0x5609c2280f90;
 .timescale -9 -12;
    .port_info 0 /OUTPUT 32 "DIST_OUT"
    .port_info 1 /INPUT 32 "Ax"
    .port_info 2 /INPUT 32 "Bx"
    .port_info 3 /INPUT 32 "Ay"
    .port_info 4 /INPUT 32 "By"
P_0x5609c22814a0 .param/l "DATA_W" 0 4 6, +C4<00000000000000000000000000010000>;
v0x5609c2281610_0 .net "Ax", 31 0, v0x5609c2282f70_0;  alias, 1 drivers
v0x5609c2281710_0 .net "Ay", 31 0, v0x5609c2282f70_0;  alias, 1 drivers
v0x5609c2281800_0 .net "Bx", 31 0, v0x5609c2282f70_0;  alias, 1 drivers
v0x5609c2281920_0 .net "By", 31 0, v0x5609c2282f70_0;  alias, 1 drivers
v0x5609c22819c0_0 .net "DIST_OUT", 31 0, v0x5609c2281af0_0;  alias, 1 drivers
v0x5609c2281af0_0 .var "DIST_VALUE", 31 0;
v0x5609c2281bd0_0 .var "X_DIFF", 31 0;
v0x5609c2281cb0_0 .var "X_SQR", 31 0;
v0x5609c2281d90_0 .var "Y_DIFF", 31 0;
v0x5609c2281e70_0 .var "Y_SQR", 31 0;
E_0x5609c2235230/0 .event edge, v0x5609c2281610_0, v0x5609c2281610_0, v0x5609c2281bd0_0, v0x5609c2281610_0;
E_0x5609c2235230/1 .event edge, v0x5609c2281610_0, v0x5609c2281d90_0, v0x5609c2281cb0_0, v0x5609c2281e70_0;
E_0x5609c2235230 .event/or E_0x5609c2235230/0, E_0x5609c2235230/1;
    .scope S_0x5609c225fd90;
T_0 ;
    %wait E_0x5609c223f2e0;
    %load/vec4 v0x5609c2254680_0;
    %load/vec4 v0x5609c2250600_0;
    %sub;
    %store/vec4 v0x5609c227ecf0_0, 0, 32;
    %load/vec4 v0x5609c227ecf0_0;
    %load/vec4 v0x5609c227ecf0_0;
    %mul;
    %store/vec4 v0x5609c227edd0_0, 0, 32;
    %load/vec4 v0x5609c2254720_0;
    %load/vec4 v0x5609c2250950_0;
    %sub;
    %store/vec4 v0x5609c227eeb0_0, 0, 32;
    %load/vec4 v0x5609c227eeb0_0;
    %load/vec4 v0x5609c227eeb0_0;
    %sub;
    %store/vec4 v0x5609c227ef90_0, 0, 32;
    %load/vec4 v0x5609c227edd0_0;
    %load/vec4 v0x5609c227ef90_0;
    %add;
    %store/vec4 v0x5609c2251010_0, 0, 32;
    %jmp T_0;
    .thread T_0, $push;
    .scope S_0x5609c225fc10;
T_1 ;
    %wait E_0x5609c2233800;
    %load/vec4 v0x5609c227f210_0;
    %flag_set/vec4 8;
    %jmp/0xz  T_1.0, 8;
    %load/vec4 v0x5609c227f9b0_0;
    %assign/vec4 v0x5609c227f110_0, 0;
T_1.0 ;
    %jmp T_1;
    .thread T_1;
    .scope S_0x5609c225fc10;
T_2 ;
    %wait E_0x5609c2233800;
    %load/vec4 v0x5609c227f570_0;
    %flag_set/vec4 8;
    %jmp/0xz  T_2.0, 8;
    %load/vec4 v0x5609c227f9b0_0;
    %assign/vec4 v0x5609c227f490_0, 0;
T_2.0 ;
    %jmp T_2;
    .thread T_2;
    .scope S_0x5609c225fc10;
T_3 ;
    %wait E_0x5609c2233800;
    %load/vec4 v0x5609c227f3b0_0;
    %flag_set/vec4 8;
    %jmp/0xz  T_3.0, 8;
    %load/vec4 v0x5609c227f9b0_0;
    %assign/vec4 v0x5609c227f2f0_0, 0;
T_3.0 ;
    %jmp T_3;
    .thread T_3;
    .scope S_0x5609c225fc10;
T_4 ;
    %wait E_0x5609c2233800;
    %load/vec4 v0x5609c227f730_0;
    %flag_set/vec4 8;
    %jmp/0xz  T_4.0, 8;
    %load/vec4 v0x5609c227f9b0_0;
    %assign/vec4 v0x5609c227f650_0, 0;
T_4.0 ;
    %jmp T_4;
    .thread T_4;
    .scope S_0x5609c225fc10;
T_5 ;
    %wait E_0x5609c2233800;
    %load/vec4 v0x5609c227feb0_0;
    %flag_set/vec4 8;
    %jmp/0xz  T_5.0, 8;
    %pushi/vec4 0, 0, 3;
    %assign/vec4 v0x5609c227f810_0, 0;
    %jmp T_5.1;
T_5.0 ;
    %load/vec4 v0x5609c227fa50_0;
    %flag_set/vec4 8;
    %jmp/0xz  T_5.2, 8;
    %load/vec4 v0x5609c227fcf0_0;
    %assign/vec4 v0x5609c227f810_0, 0;
T_5.2 ;
T_5.1 ;
    %jmp T_5;
    .thread T_5;
    .scope S_0x5609c225fc10;
T_6 ;
    %wait E_0x5609c225e860;
    %pushi/vec4 0, 0, 1;
    %store/vec4 v0x5609c227f210_0, 0, 1;
    %pushi/vec4 0, 0, 1;
    %store/vec4 v0x5609c227f570_0, 0, 1;
    %pushi/vec4 0, 0, 1;
    %store/vec4 v0x5609c227f3b0_0, 0, 1;
    %pushi/vec4 0, 0, 1;
    %store/vec4 v0x5609c227f730_0, 0, 1;
    %load/vec4 v0x5609c227f810_0;
    %addi 1, 0, 3;
    %store/vec4 v0x5609c227fcf0_0, 0, 3;
    %load/vec4 v0x5609c227f810_0;
    %pad/u 32;
    %cmpi/e 0, 0, 32;
    %jmp/0xz  T_6.0, 4;
    %pushi/vec4 1, 0, 1;
    %store/vec4 v0x5609c227f210_0, 0, 1;
    %jmp T_6.1;
T_6.0 ;
    %load/vec4 v0x5609c227f810_0;
    %pad/u 32;
    %cmpi/e 1, 0, 32;
    %jmp/0xz  T_6.2, 4;
    %pushi/vec4 1, 0, 1;
    %store/vec4 v0x5609c227f570_0, 0, 1;
    %jmp T_6.3;
T_6.2 ;
    %load/vec4 v0x5609c227f810_0;
    %pad/u 32;
    %cmpi/e 2, 0, 32;
    %jmp/0xz  T_6.4, 4;
    %pushi/vec4 1, 0, 1;
    %store/vec4 v0x5609c227f3b0_0, 0, 1;
    %jmp T_6.5;
T_6.4 ;
    %load/vec4 v0x5609c227f810_0;
    %pad/u 32;
    %cmpi/e 3, 0, 32;
    %jmp/0xz  T_6.6, 4;
    %pushi/vec4 1, 0, 1;
    %store/vec4 v0x5609c227f730_0, 0, 1;
    %jmp T_6.7;
T_6.6 ;
    %load/vec4 v0x5609c227f810_0;
    %store/vec4 v0x5609c227fcf0_0, 0, 3;
T_6.7 ;
T_6.5 ;
T_6.3 ;
T_6.1 ;
    %jmp T_6;
    .thread T_6;
    .scope S_0x5609c225ed50;
T_7 ;
    %wait E_0x5609c22328c0;
    %load/vec4 v0x5609c2280900_0;
    %flag_set/vec4 8;
    %jmp/0xz  T_7.0, 8;
    %pushi/vec4 0, 0, 1;
    %assign/vec4 v0x5609c22801f0_0, 0;
    %jmp T_7.1;
T_7.0 ;
    %load/vec4 v0x5609c2280ad0_0;
    %pad/u 4;
    %load/vec4 v0x5609c2280d50_0;
    %and;
    %load/vec4 v0x5609c22803f0_0;
    %pad/u 32;
    %pushi/vec4 0, 0, 32;
    %cmp/e;
    %flag_get/vec4 4;
    %pad/u 4;
    %and;
    %cmpi/ne 0, 0, 4;
    %jmp/0xz  T_7.2, 4;
    %load/vec4 v0x5609c2280b90_0;
    %assign/vec4 v0x5609c22801f0_0, 0;
T_7.2 ;
T_7.1 ;
    %jmp T_7;
    .thread T_7;
    .scope S_0x5609c225ed50;
T_8 ;
    %wait E_0x5609c22328c0;
    %load/vec4 v0x5609c2280900_0;
    %flag_set/vec4 8;
    %jmp/0xz  T_8.0, 8;
    %pushi/vec4 0, 0, 1;
    %assign/vec4 v0x5609c2280130_0, 0;
    %jmp T_8.1;
T_8.0 ;
    %load/vec4 v0x5609c2280ad0_0;
    %pad/u 4;
    %load/vec4 v0x5609c2280d50_0;
    %and;
    %load/vec4 v0x5609c22803f0_0;
    %pad/u 32;
    %pushi/vec4 1, 0, 32;
    %cmp/e;
    %flag_get/vec4 4;
    %pad/u 4;
    %and;
    %cmpi/ne 0, 0, 4;
    %jmp/0xz  T_8.2, 4;
    %load/vec4 v0x5609c2280b90_0;
    %assign/vec4 v0x5609c2280130_0, 0;
T_8.2 ;
T_8.1 ;
    %jmp T_8;
    .thread T_8;
    .scope S_0x5609c225ed50;
T_9 ;
    %wait E_0x5609c2233400;
    %pushi/vec4 0, 0, 32;
    %store/vec4 v0x5609c2280660_0, 0, 32;
    %load/vec4 v0x5609c22803f0_0;
    %pushi/vec4 0, 0, 32;
    %store/vec4 v0x5609c2280660_0, 0, 32;
    %jmp T_9.1;
T_9.1 ;
    %pop/vec4 1;
    %jmp T_9;
    .thread T_9, $push;
    .scope S_0x5609c225ed50;
T_10 ;
    %wait E_0x5609c2232c80;
    %load/vec4 v0x5609c2280900_0;
    %load/vec4 v0x5609c22801f0_0;
    %or;
    %store/vec4 v0x5609c22809e0_0, 0, 1;
    %jmp T_10;
    .thread T_10, $push;
    .scope S_0x5609c225ed50;
T_11 ;
    %wait E_0x5609c2233040;
    %load/vec4 v0x5609c2280d50_0;
    %or/r;
    %store/vec4 v0x5609c2280c70_0, 0, 1;
    %jmp T_11;
    .thread T_11, $push;
    .scope S_0x5609c225ed50;
T_12 ;
    %wait E_0x5609c22328c0;
    %load/vec4 v0x5609c2280900_0;
    %flag_set/vec4 8;
    %jmp/0xz  T_12.0, 8;
    %pushi/vec4 0, 0, 1;
    %assign/vec4 v0x5609c2280820_0, 0;
    %jmp T_12.1;
T_12.0 ;
    %load/vec4 v0x5609c2280ad0_0;
    %assign/vec4 v0x5609c2280820_0, 0;
T_12.1 ;
    %jmp T_12;
    .thread T_12;
    .scope S_0x5609c22812b0;
T_13 ;
    %wait E_0x5609c2235230;
    %load/vec4 v0x5609c2281610_0;
    %load/vec4 v0x5609c2281800_0;
    %sub;
    %store/vec4 v0x5609c2281bd0_0, 0, 32;
    %load/vec4 v0x5609c2281bd0_0;
    %load/vec4 v0x5609c2281bd0_0;
    %mul;
    %store/vec4 v0x5609c2281cb0_0, 0, 32;
    %load/vec4 v0x5609c2281710_0;
    %load/vec4 v0x5609c2281920_0;
    %sub;
    %store/vec4 v0x5609c2281d90_0, 0, 32;
    %load/vec4 v0x5609c2281d90_0;
    %load/vec4 v0x5609c2281d90_0;
    %sub;
    %store/vec4 v0x5609c2281e70_0, 0, 32;
    %load/vec4 v0x5609c2281cb0_0;
    %load/vec4 v0x5609c2281e70_0;
    %add;
    %store/vec4 v0x5609c2281af0_0, 0, 32;
    %jmp T_13;
    .thread T_13, $push;
    .scope S_0x5609c2280f90;
T_14 ;
    %wait E_0x5609c22555a0;
    %load/vec4 v0x5609c22820f0_0;
    %flag_set/vec4 8;
    %jmp/0xz  T_14.0, 8;
    %load/vec4 v0x5609c2282890_0;
    %assign/vec4 v0x5609c2281ff0_0, 0;
T_14.0 ;
    %jmp T_14;
    .thread T_14;
    .scope S_0x5609c2280f90;
T_15 ;
    %wait E_0x5609c22555a0;
    %load/vec4 v0x5609c2282450_0;
    %flag_set/vec4 8;
    %jmp/0xz  T_15.0, 8;
    %load/vec4 v0x5609c2282890_0;
    %assign/vec4 v0x5609c2282370_0, 0;
T_15.0 ;
    %jmp T_15;
    .thread T_15;
    .scope S_0x5609c2280f90;
T_16 ;
    %wait E_0x5609c22555a0;
    %load/vec4 v0x5609c2282290_0;
    %flag_set/vec4 8;
    %jmp/0xz  T_16.0, 8;
    %load/vec4 v0x5609c2282890_0;
    %assign/vec4 v0x5609c22821d0_0, 0;
T_16.0 ;
    %jmp T_16;
    .thread T_16;
    .scope S_0x5609c2280f90;
T_17 ;
    %wait E_0x5609c22555a0;
    %load/vec4 v0x5609c2282610_0;
    %flag_set/vec4 8;
    %jmp/0xz  T_17.0, 8;
    %load/vec4 v0x5609c2282890_0;
    %assign/vec4 v0x5609c2282530_0, 0;
T_17.0 ;
    %jmp T_17;
    .thread T_17;
    .scope S_0x5609c2280f90;
T_18 ;
    %wait E_0x5609c22555a0;
    %load/vec4 v0x5609c2282d90_0;
    %flag_set/vec4 8;
    %jmp/0xz  T_18.0, 8;
    %pushi/vec4 0, 0, 3;
    %assign/vec4 v0x5609c22826f0_0, 0;
    %jmp T_18.1;
T_18.0 ;
    %load/vec4 v0x5609c2282930_0;
    %flag_set/vec4 8;
    %jmp/0xz  T_18.2, 8;
    %load/vec4 v0x5609c2282bd0_0;
    %assign/vec4 v0x5609c22826f0_0, 0;
T_18.2 ;
T_18.1 ;
    %jmp T_18;
    .thread T_18;
    .scope S_0x5609c2280f90;
T_19 ;
    %wait E_0x5609c2255a70;
    %pushi/vec4 0, 0, 1;
    %store/vec4 v0x5609c22820f0_0, 0, 1;
    %pushi/vec4 0, 0, 1;
    %store/vec4 v0x5609c2282450_0, 0, 1;
    %pushi/vec4 0, 0, 1;
    %store/vec4 v0x5609c2282290_0, 0, 1;
    %pushi/vec4 0, 0, 1;
    %store/vec4 v0x5609c2282610_0, 0, 1;
    %load/vec4 v0x5609c22826f0_0;
    %addi 1, 0, 3;
    %store/vec4 v0x5609c2282bd0_0, 0, 3;
    %load/vec4 v0x5609c22826f0_0;
    %pad/u 32;
    %cmpi/e 0, 0, 32;
    %jmp/0xz  T_19.0, 4;
    %pushi/vec4 1, 0, 1;
    %store/vec4 v0x5609c22820f0_0, 0, 1;
    %jmp T_19.1;
T_19.0 ;
    %load/vec4 v0x5609c22826f0_0;
    %pad/u 32;
    %cmpi/e 1, 0, 32;
    %jmp/0xz  T_19.2, 4;
    %pushi/vec4 1, 0, 1;
    %store/vec4 v0x5609c2282450_0, 0, 1;
    %jmp T_19.3;
T_19.2 ;
    %load/vec4 v0x5609c22826f0_0;
    %pad/u 32;
    %cmpi/e 2, 0, 32;
    %jmp/0xz  T_19.4, 4;
    %pushi/vec4 1, 0, 1;
    %store/vec4 v0x5609c2282290_0, 0, 1;
    %jmp T_19.5;
T_19.4 ;
    %load/vec4 v0x5609c22826f0_0;
    %pad/u 32;
    %cmpi/e 3, 0, 32;
    %jmp/0xz  T_19.6, 4;
    %pushi/vec4 1, 0, 1;
    %store/vec4 v0x5609c2282610_0, 0, 1;
    %jmp T_19.7;
T_19.6 ;
    %load/vec4 v0x5609c22826f0_0;
    %store/vec4 v0x5609c2282bd0_0, 0, 3;
T_19.7 ;
T_19.5 ;
T_19.3 ;
T_19.1 ;
    %jmp T_19;
    .thread T_19;
    .scope S_0x5609c225fa90;
T_20 ;
    %pushi/vec4 1, 0, 1;
    %store/vec4 v0x5609c22832e0_0, 0, 1;
    %end;
    .thread T_20;
    .scope S_0x5609c225fa90;
T_21 ;
    %delay 5000, 0;
    %load/vec4 v0x5609c22832e0_0;
    %inv;
    %store/vec4 v0x5609c22832e0_0, 0, 1;
    %jmp T_21;
    .thread T_21;
    .scope S_0x5609c225fa90;
T_22 ;
    %pushi/vec4 0, 0, 1;
    %store/vec4 v0x5609c2283380_0, 0, 1;
    %end;
    .thread T_22;
    .scope S_0x5609c225fa90;
T_23 ;
    %delay 7000, 0;
    %pushi/vec4 1, 0, 1;
    %store/vec4 v0x5609c2283380_0, 0, 1;
    %delay 10000, 0;
    %pushi/vec4 0, 0, 1;
    %store/vec4 v0x5609c2283380_0, 0, 1;
    %end;
    .thread T_23;
    .scope S_0x5609c225fa90;
T_24 ;
    %vpi_call/w 5 19 "$dumpfile", "knn.vcd" {0 0 0};
    %vpi_call/w 5 20 "$dumpvars" {0 0 0};
    %pushi/vec4 0, 0, 1;
    %store/vec4 v0x5609c2283050_0, 0, 1;
    %pushi/vec4 0, 0, 1;
    %store/vec4 v0x5609c2283110_0, 0, 1;
    %wait E_0x5609c224ed80;
    %wait E_0x5609c225e820;
    %wait E_0x5609c22555a0;
    %delay 1000, 0;
    %pushi/vec4 1, 0, 1;
    %store/vec4 v0x5609c2283050_0, 0, 1;
    %wait E_0x5609c22555a0;
    %delay 1000, 0;
    %pushi/vec4 4, 0, 32;
    %store/vec4 v0x5609c2282f70_0, 0, 32;
    %wait E_0x5609c22555a0;
    %delay 1000, 0;
    %pushi/vec4 3, 0, 32;
    %store/vec4 v0x5609c2282f70_0, 0, 32;
    %wait E_0x5609c22555a0;
    %delay 1000, 0;
    %pushi/vec4 2, 0, 32;
    %store/vec4 v0x5609c2282f70_0, 0, 32;
    %wait E_0x5609c22555a0;
    %delay 1000, 0;
    %pushi/vec4 1, 0, 32;
    %store/vec4 v0x5609c2282f70_0, 0, 32;
    %vpi_call/w 5 33 "$write", "Ax = 4\012Bx = 3\012Ay = 2\012By = 1\012" {0 0 0};
    %delay 10000000, 0;
    %wait E_0x5609c22555a0;
    %delay 1000, 0;
    %pushi/vec4 1, 0, 1;
    %store/vec4 v0x5609c2283110_0, 0, 1;
    %wait E_0x5609c22555a0;
    %delay 1000, 0;
    %pushi/vec4 0, 0, 1;
    %store/vec4 v0x5609c2283110_0, 0, 1;
    %vpi_call/w 5 36 "$write", "Current time: %d; Square Distance %d\012", $time, v0x5609c2283210_0 {0 0 0};
    %load/vec4 v0x5609c2283210_0;
    %cmpi/e 0, 0, 32;
    %jmp/0xz  T_24.0, 4;
    %vpi_call/w 5 39 "$display", "Test passed" {0 0 0};
    %jmp T_24.1;
T_24.0 ;
    %vpi_call/w 5 41 "$display", "Test failed: expecting knn value 0 but got %d", v0x5609c2283210_0 {0 0 0};
T_24.1 ;
    %vpi_call/w 5 43 "$finish" {0 0 0};
    %end;
    .thread T_24;
# The file index is used to find the file name in the following table.
:file_names 6;
    "N/A";
    "<interactive>";
    "../../../hardware/src/iob_knn.v";
    "../../../hardware/src/knn.v";
    "../../../hardware/src/dist_core.v";
    "../../../hardware/testbench/knn_tb.v";
