#-----------------------------------------------------------
# Vivado v2020.1 (64-bit)
# SW Build 2902540 on Wed May 27 19:54:35 MDT 2020
# IP Build 2902112 on Wed May 27 22:43:36 MDT 2020
# Start of session at: Wed Nov 11 11:19:43 2020
# Process ID: 21977
# Current directory: /home/martim/Documentos/1-Semestre-2020-2021/EComp/iob-soc-knn/submodules/KNN/hardware/fpga/vivado/ARTIX-7
# Command line: vivado -nojournal -log vivado.log -mode batch -source ../knn.tcl -tclargs iob_knn ../../../../hardware/src/knn.v ../../../../hardware/src/dist_core.v ../../../../hardware/src/iob_knn.v ../../../../hardware/include ../../../../submodules/LIB/hardware/include ../../../../submodules/INTERCON/hardware/include  DATA_W=32 xc7a35tcpg236-1
# Log file: /home/martim/Documentos/1-Semestre-2020-2021/EComp/iob-soc-knn/submodules/KNN/hardware/fpga/vivado/ARTIX-7/vivado.log
# Journal file: 
#-----------------------------------------------------------
source ../knn.tcl
# set TOP [lindex $argv 0]
# set PART xc7a35tcpg236-1
# set VSRC [lindex $argv 1]
# set HW_INCLUDE [lindex $argv 2]
# set HW_DEFINE [lindex $argv 3]
# puts $VSRC
../../../../hardware/src/knn.v ../../../../hardware/src/dist_core.v ../../../../hardware/src/iob_knn.v
# foreach file [split $VSRC \ ] {
#     puts $file
#     if {$file != "" && $file != " " && $file != "\n"} {
#         read_verilog -sv $file
#     }
# }
../../../../hardware/src/knn.v
../../../../hardware/src/dist_core.v
../../../../hardware/src/iob_knn.v
# set_property part $PART [current_project]
# synth_design -include_dirs $HW_INCLUDE -verilog_define $HW_DEFINE -part $PART -top $TOP -mode out_of_context -flatten_hierarchy none -verbose
Command: synth_design -include_dirs {../../../../hardware/include ../../../../submodules/LIB/hardware/include ../../../../submodules/INTERCON/hardware/include} -verilog_define DATA_W=32 -part xc7a35tcpg236-1 -top iob_knn -mode out_of_context -flatten_hierarchy none -verbose
Starting synth_design
Attempting to get a license for feature 'Synthesis' and/or device 'xc7a35t'
INFO: [Common 17-349] Got license for feature 'Synthesis' and/or device 'xc7a35t'
INFO: [Synth 8-7079] Multithreading enabled for synth_design using a maximum of 4 processes.
INFO: [Synth 8-7078] Launching helper process for spawning children vivado processes
INFO: [Synth 8-7075] Helper process launched with PID 22005
WARNING: [Synth 8-2611] redeclaration of ansi port rdata is not allowed [/home/martim/Documentos/1-Semestre-2020-2021/EComp/iob-soc-knn/submodules/KNN/hardware/src/iob_knn.v:51]
---------------------------------------------------------------------------------
Starting Synthesize : Time (s): cpu = 00:00:05 ; elapsed = 00:00:07 . Memory (MB): peak = 2119.418 ; gain = 0.000 ; free physical = 1720 ; free virtual = 6735
---------------------------------------------------------------------------------
INFO: [Synth 8-6157] synthesizing module 'iob_knn' [/home/martim/Documentos/1-Semestre-2020-2021/EComp/iob-soc-knn/submodules/KNN/hardware/src/iob_knn.v:6]
	Parameter ADDR_W bound to: 3 - type: integer 
	Parameter DATA_W bound to: 32 - type: integer 
	Parameter WDATA_W bound to: 1 - type: integer 
ERROR: [Synth 8-523] part-select [31:0] does not match declaration [/home/martim/Documentos/1-Semestre-2020-2021/EComp/iob-soc-knn/submodules/KNN/hardware/include/KNNsw_reg_gen.v:14]
ERROR: [Synth 8-6156] failed synthesizing module 'iob_knn' [/home/martim/Documentos/1-Semestre-2020-2021/EComp/iob-soc-knn/submodules/KNN/hardware/src/iob_knn.v:6]
---------------------------------------------------------------------------------
Finished Synthesize : Time (s): cpu = 00:00:06 ; elapsed = 00:00:08 . Memory (MB): peak = 2119.418 ; gain = 0.000 ; free physical = 1768 ; free virtual = 6785
---------------------------------------------------------------------------------
synthesize failed
INFO: [Common 17-83] Releasing license: Synthesis
6 Infos, 1 Warnings, 0 Critical Warnings and 3 Errors encountered.
synth_design failed
ERROR: [Common 17-69] Command failed: Vivado Synthesis failed
INFO: [Common 17-206] Exiting Vivado at Wed Nov 11 11:20:06 2020...
